info:  Game: A13V_x64_Release_en.exe
info:  DXVK: v2.7.1-195-g2f9309786e2565a
info:  Build: x86_64 gcc 14.2.0
info:  Found built-in config:
info:    d3d9.deferSurfaceCreation = True
info:  Effective configuration:
info:    d3d9.deferSurfaceCreation = True
info:  Vulkan: Found vkGetInstanceProcAddr in winevulkan.dll @ 0x6ffffa36f490
info:  Extension providers:
info:    Platform WSI
info:    OpenVR
info:    OpenXR
warn:  OpenXR: Unable to get required Vulkan instance extensions size
info:  Enabled instance extensions:
info:    VK_EXT_surface_maintenance1
info:    VK_KHR_get_surface_capabilities2
info:    VK_KHR_surface
info:    VK_KHR_win32_surface
info:  Found device: NVIDIA GeForce RTX 2080 (NVIDIA 570.172.8)
info:  Found device: llvmpipe (LLVM 15.0.7, 256 bits) (llvmpipe 25.1.5)
info:    Skipping: Software driver
warn:  OpenXR: Unable to get required Vulkan Device extensions size
info:  D3D9: VK_FORMAT_D16_UNORM_S8_UINT -> VK_FORMAT_D24_UNORM_S8_UINT
info:  Process set as DPI aware
info:  Creating device:
info:  NVIDIA GeForce RTX 2080:
info:    Driver   : NVIDIA 570.172.8
info:  Queues:
info:    Graphics : (0, 0)
info:    Transfer : (1, 0)
info:    Sparse   : (0, 0)
info:  Memory:
info:    Heap 0: 8.0 GiB (DEVICE_LOCAL)
info:    Budget: 5.43 GiB
info:      Type  1: DEVICE_LOCAL
info:      Type  2: DEVICE_LOCAL
info:    Heap 1: 11.66 GiB
info:    Budget: 11.66 GiB
info:      Type  0: (None)
info:      Type  3: HOST_VISIBLE | HOST_COHERENT
info:      Type  4: HOST_VISIBLE | HOST_COHERENT | HOST_CACHED
info:    Heap 2: 246 MiB (DEVICE_LOCAL)
info:    Budget: 122 MiB
info:      Type  5: DEVICE_LOCAL | HOST_VISIBLE | HOST_COHERENT
info:  Enabled extensions:
info:    VK_EXT_attachment_feedback_loop_layout
info:    VK_EXT_conservative_rasterization
info:    VK_EXT_custom_border_color
info:    VK_EXT_depth_clip_enable
info:    VK_EXT_depth_bias_control
info:    VK_EXT_descriptor_buffer
info:    VK_EXT_extended_dynamic_state3
info:    VK_EXT_fragment_shader_interlock
info:    VK_EXT_graphics_pipeline_library
info:    VK_EXT_line_rasterization
info:    VK_EXT_memory_priority
info:    VK_EXT_multi_draw
info:    VK_EXT_non_seamless_cube_map
info:    VK_EXT_pageable_device_local_memory
info:    VK_EXT_robustness2
info:    VK_EXT_shader_module_identifier
info:    VK_EXT_swapchain_maintenance1
info:    VK_EXT_transform_feedback
info:    VK_EXT_vertex_attribute_divisor
info:    VK_KHR_external_memory_win32
info:    VK_KHR_external_semaphore_win32
info:    VK_KHR_load_store_op_none
info:    VK_KHR_maintenance5
info:    VK_KHR_maintenance6
info:    VK_KHR_pipeline_library
info:    VK_KHR_present_id
info:    VK_KHR_present_wait
info:    VK_KHR_shader_float_controls2
info:    VK_KHR_swapchain
info:    VK_KHR_swapchain_mutable_format
info:    VK_KHR_win32_keyed_mutex
info:    VK_NV_low_latency2
info:    VK_NV_raw_access_chains
info:    VK_NVX_binary_import
info:    VK_NVX_image_view_handle
info:  Enabled features:
info:    depthBiasClamp                 : 1
info:    depthBounds                    : 1
info:    depthClamp                     : 1
info:    drawIndirectFirstInstance      : 1
info:    dualSrcBlend                   : 1
info:    fillModeNonSolid               : 1
info:    fragmentStoresAndAtomics       : 1
info:    fullDrawIndexUint32            : 1
info:    geometryShader                 : 1
info:    imageCubeArray                 : 1
info:    independentBlend               : 1
info:    logicOp                        : 1
info:    multiDrawIndirect              : 1
info:    multiViewport                  : 1
info:    occlusionQueryPrecise          : 1
info:    pipelineStatisticsQuery        : 1
info:    robustBufferAccess             : 1
info:    sampleRateShading              : 1
info:    samplerAnisotropy              : 1
info:    shaderClipDistance             : 1
info:    shaderCullDistance             : 1
info:    shaderFloat64                  : 1
info:    shaderImageGatherExtended      : 1
info:    shaderInt16                    : 1
info:    shaderInt64                    : 1
info:    shaderUniformBufferArrayDynamicIndexing : 1
info:    shaderSampledImageArrayDynamicIndexing : 1
info:    shaderStorageBufferArrayDynamicIndexing : 1
info:    shaderStorageImageArrayDynamicIndexing : 1
info:    sparseBinding                  : 1
info:    sparseResidencyBuffer          : 1
info:    sparseResidencyImage2D         : 1
info:    sparseResidencyImage3D         : 1
info:    sparseResidency2Samples        : 1
info:    sparseResidency4Samples        : 1
info:    sparseResidency8Samples        : 1
info:    sparseResidency16Samples       : 1
info:    sparseResidencyAliased         : 1
info:    shaderResourceResidency        : 1
info:    shaderResourceMinLod           : 1
info:    tessellationShader             : 1
info:    textureCompressionBC           : 1
info:    variableMultisampleRate        : 1
info:    vertexPipelineStoresAndAtomics : 1
info:    wideLines                      : 1
info:    shaderDrawParameters           : 1
info:    storagePushConstant16          : 1
info:    bufferDeviceAddress            : 1
info:    descriptorIndexing             : 1
info:    shaderUniformTexelBufferArrayDynamicIndexing : 1
info:    shaderStorageTexelBufferArrayDynamicIndexing : 1
info:    shaderUniformBufferArrayNonUniformIndexing : 1
info:    shaderSampledImageArrayNonUniformIndexing : 1
info:    shaderStorageBufferArrayNonUniformIndexing : 1
info:    shaderStorageImageArrayNonUniformIndexing : 1
info:    shaderUniformTexelBufferArrayNonUniformIndexing : 1
info:    shaderStorageTexelBufferArrayNonUniformIndexing : 1
info:    descriptorBindingSampledImageUpdateAfterBind : 1
info:    descriptorBindingUpdateUnusedWhilePending : 1
info:    descriptorBindingPartiallyBound : 1
info:    drawIndirectCount              : 1
info:    hostQueryReset                 : 1
info:    runtimeDescriptorArray         : 1
info:    samplerFilterMinmax            : 1
info:    samplerMirrorClampToEdge       : 1
info:    scalarBlockLayout              : 1
info:    shaderFloat16                  : 1
info:    shaderInt8                     : 1
info:    shaderOutputViewportIndex      : 1
info:    shaderOutputLayer              : 1
info:    timelineSemaphore              : 1
info:    uniformBufferStandardLayout    : 1
info:    vulkanMemoryModel              : 1
info:    dynamicRendering               : 1
info:    maintenance4                   : 1
info:    robustImageAccess              : 0
info:    pipelineCreationCacheControl   : 1
info:    shaderDemoteToHelperInvocation : 1
info:    shaderZeroInitializeWorkgroupMemory : 1
info:    synchronization2               : 1
info:  VK_EXT_attachment_feedback_loop_layout:
info:    attachmentFeedbackLoopLayout   : 1
info:  VK_EXT_conservative_rasterization:
info:    extConservativeRasterization   : 1
info:  VK_EXT_custom_border_color:
info:    customBorderColors             : 1
info:    customBorderColorWithoutFormat : 1
info:  VK_EXT_depth_clip_enable:
info:    depthClipEnable                : 1
info:  VK_EXT_depth_bias_control:
info:    depthBiasControl               : 1
info:    leastRepresentableValueForceUnormRepresentation : 1
info:    floatRepresentation            : 0
info:    depthBiasExact                 : 1
info:  VK_EXT_descriptor_buffer:
info:    descriptorBuffer               : 1
info:  VK_EXT_extended_dynamic_state3:
info:    extendedDynamicState3AlphaToCoverageEnable : 1
info:    extendedDynamicState3DepthClipEnable : 1
info:    extendedDynamicState3RasterizationSamples : 1
info:    extendedDynamicState3SampleMask : 1
info:    extendedDynamicState3LineRasterizationMode : 1
info:  VK_EXT_fragment_shader_interlock:
info:    fragmentShaderSampleInterlock  : 1
info:    fragmentShaderPixelInterlock   : 1
info:  VK_EXT_full_screen_exclusive:
info:    extFullScreenExclusive         : 0
info:  VK_EXT_graphics_pipeline_library:
info:    graphicsPipelineLibrary        : 1
info:  VK_EXT_hdr_metadata:
info:    extHdrMetadata                 : 0
info:  VK_EXT_line_rasterization:
info:    rectangularLines               : 1
info:    smoothLines                    : 1
info:  VK_EXT_memory_budget:
info:    extMemoryBudget                : 1
info:  VK_EXT_memory_priority:
info:    memoryPriority                 : 1
info:  VK_EXT_multi_draw:
info:    multiDraw                      : 1
info:  VK_EXT_non_seamless_cube_map:
info:    nonSeamlessCubeMap             : 1
info:  VK_EXT_pageable_device_local_memory:
info:    pageableDeviceLocalMemory      : 1
info:  VK_EXT_robustness2:
info:    robustBufferAccess2            : 1
info:    robustImageAccess2             : 1
info:    nullDescriptor                 : 1
info:  VK_EXT_shader_module_identifier:
info:    shaderModuleIdentifier         : 1
info:  VK_EXT_shader_stencil_export:
info:    extShaderStencilExport         : 0
info:  VK_EXT_swapchain_colorspace:
info:    extSwapchainColorSpace         : 0
info:  VK_EXT_swapchain_maintenance1:
info:    swapchainMaintenance1          : 1
info:  VK_EXT_transform_feedback:
info:    transformFeedback              : 1
info:    geometryStreams                : 1
info:  VK_EXT_vertex_attribute_divisor:
info:    vertexAttributeInstanceRateDivisor : 1
info:    vertexAttributeInstanceRateZeroDivisor : 1
info:  VK_KHR_external_memory_win32:
info:    khrExternalMemoryWin32         : 1
info:  VK_KHR_external_semaphore_win32:
info:    khrExternalSemaphoreWin32      : 1
info:  VK_KHR_load_store_op_none:
info:    khrLoadStoreOpNone             : 1
info:  VK_KHR_maintenance5:
info:    maintenance5                   : 1
info:  VK_KHR_maintenance6:
info:    maintenance6                   : 1
info:  VK_KHR_maintenance7:
info:    maintenance7                   : 0
info:  VK_KHR_pipeline_library:
info:    khrPipelineLibrary             : 1
info:  VK_KHR_present_id:
info:    presentId                      : 1
info:  VK_KHR_present_wait:
info:    presentWait                    : 1
info:  VK_KHR_shader_float_controls2:
info:    shaderFloatControls2           : 1
info:  VK_KHR_swapchain:
info:    khrSwapchain                   : 1
info:  VK_KHR_swapchain_mutable_format:
info:    khrSwapchainMutableFormat      : 1
info:  VK_KHR_win32_keyed_mutex:
info:    khrWin32KeyedMutex             : 1
info:  VK_NV_low_latency2:
info:    nvLowLatency2                  : 1
info:  VK_NV_raw_access_chains:
info:    shaderRawAccessChains          : 1
info:  VK_NVX_binary_import:
info:    nvxBinaryImport                : 1
info:  VK_NVX_image_view_handle:
info:    nvxImageViewHandle             : 1
info:  Descriptor sizes (set alignment: 64)
info:    Sampler              : 4
info:    Uniform buffer       : 8
info:    Storage buffer       : 16
info:    Uniform texel buffer : 16
info:    Storage texel buffer : 16
info:    Sampled image        : 4
info:    Storage image        : 4
info:  Memory type mask for sparse resources: 0x2
info:  Memory type mask for buffer resources: 0x3b, usage: 0x219ff
info:  Creating sampler descriptor heap (8 kB)
debug: Mapped memory region 0x7570e06d0000 - 0x7570e06d1fff
info:  DXVK: Graphics pipeline libraries supported
info:  DXVK: Using 12 compiler threads
info:  Creating resource descriptor heap (8192 kB)
debug: Mapped memory region 0x75703a10d000 - 0x75703a90cfff
info:  D3D9DeviceEx::ResetSwapChain:
info:    Requested Presentation Parameters
info:      - Width:              2560
info:      - Height:             1440
info:      - Format:             D3D9Format::X8R8G8B8
info:      - Auto Depth Stencil: false
info:                  ^ Format: D3D9Format::Unknown
info:      - Windowed:           true
info:      - Swap effect:        1
debug: Mapped memory region 0x757014316000 - 0x757014715fff
debug: Mapped memory region 0x756ff4000000 - 0x756ff7ffffff
debug: Mapped memory region 0x757002bfe000 - 0x757002ffdfff
debug: Mapped memory region 0x7570023fe000 - 0x757002bfdfff
debug: Mapped memory region 0x757001bfe000 - 0x757002bfdfff
debug: Mapped memory region 0x757000bfe000 - 0x757001bfdfff
debug: Mapped memory region 0x756fe6000000 - 0x756fe7ffffff
