info:  Game: A13V_x64_Release_en.exe
info:  DXVK: v2.7.1-195-g2f9309786e2565a
info:  Build: x86_64 gcc 14.2.0
info:  Found built-in config:
info:    d3d9.deferSurfaceCreation = True
info:  Effective configuration:
info:    d3d9.deferSurfaceCreation = True
info:  Vulkan: Found vkGetInstanceProcAddr in winevulkan.dll @ 0x6ffffa36f490
info:  Extension providers:
info:    Platform WSI
info:    OpenVR
info:    OpenXR
warn:  OpenXR: Unable to get required Vulkan instance extensions size
info:  Enabled instance extensions:
info:    VK_EXT_surface_maintenance1
info:    VK_KHR_get_surface_capabilities2
info:    VK_KHR_surface
info:    VK_KHR_win32_surface
info:  Found device: NVIDIA GeForce RTX 2080 (NVIDIA 570.172.8)
info:  Found device: llvmpipe (LLVM 15.0.7, 256 bits) (llvmpipe 25.1.5)
info:    Skipping: Software driver
warn:  OpenXR: Unable to get required Vulkan Device extensions size
warn:  DXGI: MakeWindowAssociation: Ignoring flags
